c:\users\schro\source\repos\consoleapplication1\consoleapplication1\x64\debug\consoleapplication1.pch
c:\users\schro\source\repos\consoleapplication1\consoleapplication1\x64\debug\vc141.pdb
c:\users\schro\source\repos\consoleapplication1\consoleapplication1\x64\debug\vc141.idb
c:\users\schro\source\repos\consoleapplication1\consoleapplication1\x64\debug\stdafx.obj
c:\users\schro\source\repos\consoleapplication1\consoleapplication1\x64\debug\consoleapplication1.obj
c:\users\schro\source\repos\consoleapplication1\x64\debug\consoleapplication1.pdb
c:\users\schro\source\repos\consoleapplication1\consoleapplication1\x64\debug\consolea.3fdc2001.tlog\cl.command.1.tlog
c:\users\schro\source\repos\consoleapplication1\consoleapplication1\x64\debug\consolea.3fdc2001.tlog\cl.read.1.tlog
c:\users\schro\source\repos\consoleapplication1\consoleapplication1\x64\debug\consolea.3fdc2001.tlog\cl.write.1.tlog
c:\users\schro\source\repos\consoleapplication1\consoleapplication1\x64\debug\consolea.3fdc2001.tlog\link-cvtres.read.1.tlog
c:\users\schro\source\repos\consoleapplication1\consoleapplication1\x64\debug\consolea.3fdc2001.tlog\link-cvtres.write.1.tlog
c:\users\schro\source\repos\consoleapplication1\consoleapplication1\x64\debug\consolea.3fdc2001.tlog\link-rc.read.1.tlog
c:\users\schro\source\repos\consoleapplication1\consoleapplication1\x64\debug\consolea.3fdc2001.tlog\link-rc.write.1.tlog
c:\users\schro\source\repos\consoleapplication1\consoleapplication1\x64\debug\consolea.3fdc2001.tlog\link.15480-cvtres.read.1.tlog
c:\users\schro\source\repos\consoleapplication1\consoleapplication1\x64\debug\consolea.3fdc2001.tlog\link.15480-cvtres.write.1.tlog
c:\users\schro\source\repos\consoleapplication1\consoleapplication1\x64\debug\consolea.3fdc2001.tlog\link.15480-rc.read.1.tlog
c:\users\schro\source\repos\consoleapplication1\consoleapplication1\x64\debug\consolea.3fdc2001.tlog\link.15480-rc.write.1.tlog
c:\users\schro\source\repos\consoleapplication1\consoleapplication1\x64\debug\consolea.3fdc2001.tlog\link.15480.read.1.tlog
c:\users\schro\source\repos\consoleapplication1\consoleapplication1\x64\debug\consolea.3fdc2001.tlog\link.15480.write.1.tlog
c:\users\schro\source\repos\consoleapplication1\consoleapplication1\x64\debug\consolea.3fdc2001.tlog\link.command.1.tlog
c:\users\schro\source\repos\consoleapplication1\consoleapplication1\x64\debug\consolea.3fdc2001.tlog\link.read.1.tlog
c:\users\schro\source\repos\consoleapplication1\consoleapplication1\x64\debug\consolea.3fdc2001.tlog\link.write.1.tlog
